#
# A fatal error has been detected by the Java Runtime Environment:
#
#  EXCEPTION_ACCESS_VIOLATION (0xc0000005) at pc=0x000000d0249c8b48, pid=17924, tid=11372
#
# JRE version: OpenJDK Runtime Environment (21.0.6) (build 21.0.6+-13368085-b895.109)
# Java VM: OpenJDK 64-Bit Server VM (21.0.6+-13368085-b895.109, mixed mode, tiered, compressed oops, compressed class ptrs, g1 gc, windows-amd64)
# Problematic frame:
# C  [native-platform-file-events.dll+0x46369]
#
# No core dump will be written. Minidumps are not enabled by default on client versions of Windows
#
# If you would like to submit a bug report, please visit:
#   https://youtrack.jetbrains.com/issues/JBR
# The crash happened outside the Java Virtual Machine in native code.
# See problematic frame for where to report the bug.
#

---------------  S U M M A R Y ------------

Command Line: -XX:MaxMetaspaceSize=2G -XX:+HeapDumpOnOutOfMemoryError --add-opens=java.base/java.util=ALL-UNNAMED --add-opens=java.base/java.lang=ALL-UNNAMED --add-opens=java.base/java.lang.invoke=ALL-UNNAMED --add-opens=java.prefs/java.util.prefs=ALL-UNNAMED --add-opens=java.base/java.nio.charset=ALL-UNNAMED --add-opens=java.base/java.net=ALL-UNNAMED --add-opens=java.base/java.util.concurrent.atomic=ALL-UNNAMED -Xmx4G -Dfile.encoding=UTF-8 -Duser.country=US -Duser.language=en -Duser.variant -javaagent:C:\Users\velal\.gradle\wrapper\dists\gradle-8.3-all\6en3ugtfdg5xnpx44z4qbwgas\gradle-8.3\lib\agents\gradle-instrumentation-agent-8.3.jar org.gradle.launcher.daemon.bootstrap.GradleDaemon 8.3

Host: 12th Gen Intel(R) Core(TM) i7-12650H, 16 cores, 15G,  Windows 11 , 64 bit Build 26100 (10.0.26100.3912)
Time: Mon May 12 22:25:05 2025 Central Standard Time (Mexico) elapsed time: 14.915678 seconds (0d 0h 0m 14s)

---------------  T H R E A D  ---------------

Current thread (0x0000029f5ce9e880):  JavaThread "File watcher server" daemon [_thread_in_native, id=11372, stack(0x000000d402500000,0x000000d402600000) (1024K)]

Stack: [0x000000d402500000,0x000000d402600000],  sp=0x000000d4025fe610,  free space=1017k
Native frames: (J=compiled Java code, j=interpreted, Vv=VM code, C=native code)
C  0x000000d0249c8b48

Java frames: (J=compiled Java code, j=interpreted, Vv=VM code)
j  net.rubygrapefruit.platform.internal.jni.AbstractNativeFileEventFunctions$NativeFileWatcher.executeRunLoop0(Ljava/lang/Object;)V+0
j  net.rubygrapefruit.platform.internal.jni.AbstractNativeFileEventFunctions$NativeFileWatcher.executeRunLoop()V+5
j  net.rubygrapefruit.platform.internal.jni.AbstractFileEventFunctions$AbstractFileWatcher$1.run()V+21
v  ~StubRoutines::call_stub 0x0000029f4661100d

siginfo: EXCEPTION_ACCESS_VIOLATION (0xc0000005), data execution prevention violation at address 0x000000d0249c8b48


Registers:
RAX=0x000000d0249c8b48, RBX=0x0000000000000000, RCX=0x000000d4039fa588, RDX=0x0000000000000000
RSP=0x000000d4025fe608, RBP=0x0000000000000000, RSI=0x000000d4039fa580, RDI=0x000000d4039fa540
R8 =0x0000029f3a32bb80, R9 =0x0000029f5e9f5670, R10=0x0000029f3a320000, R11=0x0000000000000246
R12=0x0000000000000000, R13=0x0000029f59a21828, R14=0x0000000000000000, R15=0x0000029f5ce9e880
RIP=0x000000d0249c8b48, EFLAGS=0x0000000000010212

XMM[0]=0x0000000000000000 0x000000003e000000
XMM[1]=0x0000000000000000 0x000000003f800000
XMM[2]=0x0000000000000000 0x0000000000000000
XMM[3]=0x0000000000000000 0x0000000000000000
XMM[4]=0x0000000000000000 0x0000000000000000
XMM[5]=0x0000000000000000 0x0000000000000000
XMM[6]=0x0000000000000000 0x0000000000000000
XMM[7]=0x0000000000000000 0x0000000000000000
XMM[8]=0x0000000000000000 0x0000000000000000
XMM[9]=0x0000000000000000 0x0000000000000000
XMM[10]=0x0000000000000000 0x0000000000000000
XMM[11]=0x0000000000000000 0x0000000000000000
XMM[12]=0x0000000000000000 0x0000000000000000
XMM[13]=0x0000000000000000 0x0000000000000000
XMM[14]=0x0000000000000000 0x0000000000000000
XMM[15]=0x0000000000000000 0x0000000000000000
  MXCSR=0x00001fa0


Register to memory mapping:

RAX=0x000000d0249c8b48 is an unknown value
RBX=0x0 is null
RCX=0x000000d4039fa588 is pointing into the stack for thread: 0x0000029f5ea90080
RDX=0x0 is null
RSP=0x000000d4025fe608 is pointing into the stack for thread: 0x0000029f5ce9e880
RBP=0x0 is null
RSI=0x000000d4039fa580 is pointing into the stack for thread: 0x0000029f5ea90080
RDI=0x000000d4039fa540 is pointing into the stack for thread: 0x0000029f5ea90080
R8 =0x0000029f3a32bb80 points into unknown readable memory: 0x0000029f3a320db0 | b0 0d 32 3a 9f 02 00 00
R9 =0x0000029f5e9f5670 points into unknown readable memory: 0x0000029f620eba30 | 30 ba 0e 62 9f 02 00 00
R10=0x0000029f3a320000 points into unknown readable memory: 0x0000000000000000 | 00 00 00 00 00 00 00 00
R11=0x0000000000000246 is an unknown value
R12=0x0 is null
R13={method} {0x0000029f59a21830} 'executeRunLoop0' '(Ljava/lang/Object;)V' in 'net/rubygrapefruit/platform/internal/jni/AbstractNativeFileEventFunctions$NativeFileWatcher'
R14=0x0 is null
R15=0x0000029f5ce9e880 is a thread

Top of Stack: (sp=0x000000d4025fe608)
0x000000d4025fe608:   00007ffb80dc6369 000000d4025fe610
0x000000d4025fe618:   0000029f58027c21 0000000000000003
0x000000d4025fe628:   00007ffb80da3133 0000029f3c058018
0x000000d4025fe638:   000000070071dd78 0000d1999bea9242
0x000000d4025fe648:   00007ffb80dada83 0000000000000000
0x000000d4025fe658:   000000d4039fa540 00007ffb80d9f150
0x000000d4025fe668:   00007ffb80db709b 000000d4039fa580
0x000000d4025fe678:   0000000000000000 0000000000000000
0x000000d4025fe688:   00007ffb80dabfae 0000029f3c058010
0x000000d4025fe698:   00007ffb80da92a6 000000d4039fa580
0x000000d4025fe6a8:   00007ffb85b8889e 0000029f3c058010
0x000000d4025fe6b8:   0000000000000000 0000000000000000
0x000000d4025fe6c8:   00007ffb80db64c2 000000d4025fe710
0x000000d4025fe6d8:   000000d4039fa580 0000000000000000
0x000000d4025fe6e8:   0000000000000000 0000000000000001
0x000000d4025fe6f8:   0000000000000000 0000000000000000
0x000000d4025fe708:   0000000000000000 000000d4039fa580
0x000000d4025fe718:   0000000000000000 0000000000000000
0x000000d4025fe728:   00007ffb80d9f16d 000000d4039fa540
0x000000d4025fe738:   0000000000000000 0000000000000000
0x000000d4025fe748:   00007ffb86155ed3 000000d4039fa540
0x000000d4025fe758:   00007ffb85e844e9 0000029f5d331fe0
0x000000d4025fe768:   00007ffc4a847263 000000d4039fa540
0x000000d4025fe778:   0000000000000000 0000000000000000
0x000000d4025fe788:   0000000000000000 0000000000000048
0x000000d4025fe798:   0000000000000001 0000000000000000
0x000000d4025fe7a8:   0000000000000000 0000000000000030
0x000000d4025fe7b8:   ffffffffffffffff ffffffffffffffff
0x000000d4025fe7c8:   00007ffc4a847257 0000000000000000
0x000000d4025fe7d8:   000000d4025fe7f0 0000000000000001
0x000000d4025fe7e8:   00007ffc4a925e7e 000000d4025fee20
0x000000d4025fe7f8:   000000d47ec77000 0000000000000000 

Instructions: (pc=0x00007ffb80dc6369)
0x00007ffb80dc6269:   08 48 83 c4 28 48 ff 25 03 7e 0f 00 48 8d 05 94
0x00007ffb80dc6279:   7d 0b 00 45 33 c0 48 89 01 ba a0 0f 00 00 48 83
0x00007ffb80dc6289:   c1 08 48 83 c4 28 48 ff 25 0a 7e 0f 00 e8 8b c3
0x00007ffb80dc6299:   fb ff cc cc cc cc cc cc cc cc cc cc cc cc cc cc
0x00007ffb80dc62a9:   cc cc cc cc cc cc cc cc cc cc cc cc cc cc cc 48
0x00007ffb80dc62b9:   83 c1 08 48 ff 25 ed 7d 0f 00 cc cc cc cc cc c2
0x00007ffb80dc62c9:   00 00 cc 48 83 c1 08 48 ff 25 b9 7d 0f 00 cc cc
0x00007ffb80dc62d9:   cc cc cc 48 83 c1 08 48 ff 25 a1 7d 0f 00 cc cc
0x00007ffb80dc62e9:   cc cc cc 48 89 5c 24 18 56 57 41 56 48 83 ec 40
0x00007ffb80dc62f9:   48 8b 05 48 3f 0e 00 48 33 c4 48 89 44 24 30 8b
0x00007ffb80dc6309:   01 4c 8b f2 0f ba f0 08 48 8b f1 83 f8 01 75 2c
0x00007ffb80dc6319:   ff 15 21 7d 0f 00 39 46 48 74 19 48 8d 4e 08 48
0x00007ffb80dc6329:   8b 01 48 8b 00 ff 15 ec 9c 0f 00 ff 15 06 7d 0f
0x00007ffb80dc6339:   00 89 46 48 ff 46 4c e9 f3 00 00 00 4d 85 f6 75
0x00007ffb80dc6349:   24 ff 15 f0 7c 0f 00 39 46 48 0f 84 9d 00 00 00
0x00007ffb80dc6359:   48 8d 4e 08 48 8b 01 48 8b 00 ff 15 b7 9c 0f 00
0x00007ffb80dc6369:   e9 88 00 00 00 48 83 3a 00 7c 62 75 06 83 7a 08
0x00007ffb80dc6379:   00 7e 5a ba 01 00 00 00 48 8d 4c 24 20 e8 30 e2
0x00007ffb80dc6389:   fb ff 48 8b 44 24 20 49 3b 06 7c 0c 75 7d 41 8b
0x00007ffb80dc6399:   46 08 39 44 24 28 7d 73 ff 15 99 7c 0f 00 39 46
0x00007ffb80dc63a9:   48 74 4a 48 8b 46 08 48 8d 54 24 20 49 8b ce 48
0x00007ffb80dc63b9:   8b 58 10 e8 44 ed fb ff 8b d0 48 8d 4e 08 48 8b
0x00007ffb80dc63c9:   c3 ff 15 50 9c 0f 00 84 c0 75 22 eb a6 ff 15 64
0x00007ffb80dc63d9:   7c 0f 00 39 46 48 74 15 48 8d 4e 08 48 8b 01 48
0x00007ffb80dc63e9:   8b 40 08 ff 15 2e 9c 0f 00 84 c0 74 1e 8b 4e 4c
0x00007ffb80dc63f9:   8d 41 01 89 46 4c 83 f8 01 7e 2b f7 06 00 01 00
0x00007ffb80dc6409:   00 75 2c 89 4e 4c 4d 85 f6 74 14 49 83 3e 00 75
0x00007ffb80dc6419:   07 41 83 7e 08 00 74 07 b8 02 00 00 00 eb 12 b8
0x00007ffb80dc6429:   03 00 00 00 eb 0b ff 15 0b 7c 0f 00 89 46 48 33
0x00007ffb80dc6439:   c0 48 8b 4c 24 30 48 33 cc e8 92 d7 fb ff 48 8b
0x00007ffb80dc6449:   5c 24 70 48 83 c4 40 41 5e 5f 5e c3 cc cc cc cc
0x00007ffb80dc6459:   cc cc cc cc cc cc cc cc cc cc cc cc cc cc cc cc 


Stack slot to memory mapping:

stack at sp + 0 slots: 0x000000d4025fe610 is pointing into the stack for thread: 0x0000029f5ce9e880
stack at sp + 1 slots: 0x0000029f58027c21 is pointing into metadata
stack at sp + 2 slots: 0x0000000000000003 is an unknown value
stack at sp + 3 slots: 0x00007ffb80da3133 native-platform-file-events.dll
stack at sp + 4 slots: 0x0000029f3c058018 points into unknown readable memory: 0x00000008000d4c78 | 78 4c 0d 00 08 00 00 00
stack at sp + 5 slots: 0x000000070071dd78 is an oop: java.lang.Class 
{0x000000070071dd78} - klass: 'java/lang/Class'
 - ---- fields (total size 16 words):
 - private volatile transient 'classRedefinedCount' 'I' @12  0 (0x00000000)
 - injected 'klass' 'J' @16  34360013008 (0x00000008000430d0)
 - injected 'array_klass' 'J' @24  34359785928 (0x000000080000b9c8)
 - injected 'oop_size' 'I' @32  16 (0x00000010)
 - injected 'static_oop_field_count' 'I' @36  2 (0x00000002)
 - private volatile transient 'cachedConstructor' 'Ljava/lang/reflect/Constructor;' @40  null (0x00000000)
 - private transient 'name' 'Ljava/lang/String;' @44  "java.lang.ClassLoader"{0x000000070071ddf8} (0xe00e3bbf)
 - private transient 'module' 'Ljava/lang/Module;' @48  a 'java/lang/Module'{0x00000007005f6a30} (0xe00bed46)
 - private final 'classLoader' 'Ljava/lang/ClassLoader;' @52  null (0x00000000)
 - private transient 'classData' 'Ljava/lang/Object;' @56  null (0x00000000)
 - private transient 'packageName' 'Ljava/lang/String;' @60  "java.lang"{0x00000007005fa0b8} (0xe00bf417)
 - private final 'componentType' 'Ljava/lang/Class;' @64  null (0x00000000)
 - private volatile transient 'reflectionData' 'Ljava/lang/ref/SoftReference;' @68  a 'java/lang/ref/SoftReference'{0x0000000701ab4640} (0xe03568c8)
 - private volatile transient 'genericInfo' 'Lsun/reflect/generics/repository/ClassRepository;' @72  null (0x00000000)
 - private volatile transient 'enumConstants' '[Ljava/lang/Object;' @76  null (0x00000000)
 - private volatile transient 'enumConstantDirectory' 'Ljava/util/Map;' @80  null (0x00000000)
 - private volatile transient 'annotationData' 'Ljava/lang/Class$AnnotationData;' @84  null (0x00000000)
 - private volatile transient 'annotationType' 'Lsun/reflect/annotation/AnnotationType;' @88  null (0x00000000)
 - transient 'classValueMap' 'Ljava/lang/ClassValue$ClassValueMap;' @92  a 'java/lang/ClassValue$ClassValueMap'{0x0000000701ab4470} (0xe035688e)
 - injected 'protection_domain' 'Ljava/lang/Object;' @96  null (0x00000000)
 - injected 'signers_name' 'Ljava/lang/Object;' @100  null (0x00000000)
 - injected 'source_file' 'Ljava/lang/Object;' @104  null (0x00000000)
 - injected '<init_lock>' 'Ljava/lang/Object;' @108  null (0x00000000)
 - signature: Ljava/lang/ClassLoader;
 - ---- static fields (2):
 - private static final 'nocerts' '[Ljava/security/cert/Certificate;' @112  a 'java/security/cert/Certificate'[0] {0x00000007006b25a8} (0xe00d64b5)
 - private static volatile 'scl' 'Ljava/lang/ClassLoader;' @116  a 'jdk/internal/loader/ClassLoaders$AppClassLoader'{0x00000007005e3810} (0xe00bc702)
 - static final synthetic '$assertionsDisabled' 'Z' @120  true (0x01)
stack at sp + 6 slots: 0x0000d1999bea9242 is an unknown value
stack at sp + 7 slots: 0x00007ffb80dada83 native-platform-file-events.dll


---------------  P R O C E S S  ---------------

Threads class SMR info:
_java_thread_list=0x0000029f6217efd0, length=60, elements={
0x0000029f3a46afd0, 0x0000029f573de880, 0x0000029f573dfe40, 0x0000029f573faa00,
0x0000029f573fb450, 0x0000029f573fd2d0, 0x0000029f573fe4a0, 0x0000029f57400230,
0x0000029f57408cd0, 0x0000029f5751ff80, 0x0000029f576d2e20, 0x0000029f5ced55e0,
0x0000029f5cc15220, 0x0000029f5d266960, 0x0000029f5d13deb0, 0x0000029f5d13e510,
0x0000029f5d5b4420, 0x0000029f5ce1b3e0, 0x0000029f5cddaf70, 0x0000029f5ce9fc30,
0x0000029f5ce9e1f0, 0x0000029f5ce9ef10, 0x0000029f5ce9f5a0, 0x0000029f5cea02c0,
0x0000029f5ce9e880, 0x0000029f5cea0950, 0x0000029f5ce9d4d0, 0x0000029f5ce9db60,
0x0000029f5f8c21c0, 0x0000029f5f8c2850, 0x0000029f5f8c3570, 0x0000029f5f8c2ee0,
0x0000029f5f8c3c00, 0x0000029f5f8c0e10, 0x0000029f5f8c4920, 0x0000029f5f8c14a0,
0x0000029f5f8c1b30, 0x0000029f5f8c5cd0, 0x0000029f5f8c5640, 0x0000029f5f8c69f0,
0x0000029f5f8c7080, 0x0000029f5f8c7710, 0x0000029f5ea92e70, 0x0000029f5ea91ac0,
0x0000029f5ea90080, 0x0000029f5ea91430, 0x0000029f5ea93500, 0x0000029f5ea94220,
0x0000029f5ea90da0, 0x0000029f5ea948b0, 0x0000029f5ea94f40, 0x0000029f5ea955d0,
0x0000029f5ea927e0, 0x0000029f5ea92150, 0x0000029f5ea95c60, 0x0000029f5ea962f0,
0x0000029f5ea96980, 0x0000029f5ea97010, 0x0000029f5ea93b90, 0x0000029f5ea976a0
}

Java Threads: ( => current thread )
  0x0000029f3a46afd0 JavaThread "main"                              [_thread_blocked, id=22304, stack(0x000000d47f200000,0x000000d47f300000) (1024K)]
  0x0000029f573de880 JavaThread "Reference Handler"          daemon [_thread_blocked, id=18628, stack(0x000000d47fa00000,0x000000d47fb00000) (1024K)]
  0x0000029f573dfe40 JavaThread "Finalizer"                  daemon [_thread_blocked, id=18360, stack(0x000000d47fb00000,0x000000d47fc00000) (1024K)]
  0x0000029f573faa00 JavaThread "Signal Dispatcher"          daemon [_thread_blocked, id=12640, stack(0x000000d47fc00000,0x000000d47fd00000) (1024K)]
  0x0000029f573fb450 JavaThread "Attach Listener"            daemon [_thread_blocked, id=5516, stack(0x000000d47fd00000,0x000000d47fe00000) (1024K)]
  0x0000029f573fd2d0 JavaThread "Service Thread"             daemon [_thread_blocked, id=16852, stack(0x000000d47fe00000,0x000000d47ff00000) (1024K)]
  0x0000029f573fe4a0 JavaThread "Monitor Deflation Thread"   daemon [_thread_blocked, id=5160, stack(0x000000d47ff00000,0x000000d480000000) (1024K)]
  0x0000029f57400230 JavaThread "C2 CompilerThread0"         daemon [_thread_blocked, id=6128, stack(0x000000d400000000,0x000000d400100000) (1024K)]
  0x0000029f57408cd0 JavaThread "C1 CompilerThread0"         daemon [_thread_blocked, id=7752, stack(0x000000d400100000,0x000000d400200000) (1024K)]
  0x0000029f5751ff80 JavaThread "Common-Cleaner"             daemon [_thread_blocked, id=2816, stack(0x000000d400200000,0x000000d400300000) (1024K)]
  0x0000029f576d2e20 JavaThread "Notification Thread"        daemon [_thread_blocked, id=1824, stack(0x000000d400600000,0x000000d400700000) (1024K)]
  0x0000029f5ced55e0 JavaThread "Daemon health stats"               [_thread_blocked, id=13584, stack(0x000000d400e00000,0x000000d400f00000) (1024K)]
  0x0000029f5cc15220 JavaThread "Incoming local TCP Connector on port 51889"        [_thread_in_native, id=13588, stack(0x000000d400f00000,0x000000d401000000) (1024K)]
  0x0000029f5d266960 JavaThread "Daemon periodic checks"            [_thread_blocked, id=6280, stack(0x000000d401000000,0x000000d401100000) (1024K)]
  0x0000029f5d13deb0 JavaThread "Daemon"                            [_thread_blocked, id=4048, stack(0x000000d401100000,0x000000d401200000) (1024K)]
  0x0000029f5d13e510 JavaThread "Handler for socket connection from /127.0.0.1:51889 to /127.0.0.1:51890"        [_thread_in_native, id=11192, stack(0x000000d401200000,0x000000d401300000) (1024K)]
  0x0000029f5d5b4420 JavaThread "Cancel handler"                    [_thread_blocked, id=13656, stack(0x000000d401300000,0x000000d401400000) (1024K)]
  0x0000029f5ce1b3e0 JavaThread "Daemon worker"                     [_thread_blocked, id=9936, stack(0x000000d401400000,0x000000d401500000) (1024K)]
  0x0000029f5cddaf70 JavaThread "Asynchronous log dispatcher for DefaultDaemonConnection: socket connection from /127.0.0.1:51889 to /127.0.0.1:51890"        [_thread_blocked, id=12136, stack(0x000000d401500000,0x000000d401600000) (1024K)]
  0x0000029f5ce9fc30 JavaThread "Stdin handler"                     [_thread_blocked, id=21356, stack(0x000000d401600000,0x000000d401700000) (1024K)]
  0x0000029f5ce9e1f0 JavaThread "Daemon client event forwarder"        [_thread_blocked, id=22328, stack(0x000000d401700000,0x000000d401800000) (1024K)]
  0x0000029f5ce9ef10 JavaThread "Cache worker for journal cache (C:\Users\velal\.gradle\caches\journal-1)"        [_thread_blocked, id=13136, stack(0x000000d402000000,0x000000d402100000) (1024K)]
  0x0000029f5ce9f5a0 JavaThread "File lock request listener"        [_thread_in_native, id=12048, stack(0x000000d402100000,0x000000d402200000) (1024K)]
  0x0000029f5cea02c0 JavaThread "Cache worker for file hash cache (C:\Users\velal\.gradle\caches\8.3\fileHashes)"        [_thread_blocked, id=21792, stack(0x000000d402200000,0x000000d402300000) (1024K)]
=>0x0000029f5ce9e880 JavaThread "File watcher server"        daemon [_thread_in_native, id=11372, stack(0x000000d402500000,0x000000d402600000) (1024K)]
  0x0000029f5cea0950 JavaThread "File watcher consumer"      daemon [_thread_blocked, id=13516, stack(0x000000d402600000,0x000000d402700000) (1024K)]
  0x0000029f5ce9d4d0 JavaThread "Cache worker for checksums cache (C:\Users\velal\Documents\App\app\android\.gradle\8.3\checksums)"        [_thread_blocked, id=17088, stack(0x000000d402700000,0x000000d402800000) (1024K)]
  0x0000029f5ce9db60 JavaThread "Cache worker for file hash cache (C:\Users\velal\Documents\App\app\android\.gradle\8.3\fileHashes)"        [_thread_blocked, id=20412, stack(0x000000d402800000,0x000000d402900000) (1024K)]
  0x0000029f5f8c21c0 JavaThread "Cache worker for cache directory md-supplier (C:\Users\velal\.gradle\caches\8.3\md-supplier)"        [_thread_blocked, id=20540, stack(0x000000d402900000,0x000000d402a00000) (1024K)]
  0x0000029f5f8c2850 JavaThread "Cache worker for file content cache (C:\Users\velal\.gradle\caches\8.3\fileContent)"        [_thread_blocked, id=13712, stack(0x000000d402a00000,0x000000d402b00000) (1024K)]
  0x0000029f5f8c3570 JavaThread "Cache worker for cache directory md-rule (C:\Users\velal\.gradle\caches\8.3\md-rule)"        [_thread_blocked, id=14456, stack(0x000000d402b00000,0x000000d402c00000) (1024K)]
  0x0000029f5f8c2ee0 JavaThread "Cache worker for execution history cache (C:\Users\velal\.gradle\caches\8.3\executionHistory)"        [_thread_blocked, id=3928, stack(0x000000d402c00000,0x000000d402d00000) (1024K)]
  0x0000029f5f8c3c00 JavaThread "jar transforms"                    [_thread_blocked, id=12432, stack(0x000000d402e00000,0x000000d402f00000) (1024K)]
  0x0000029f5f8c0e10 JavaThread "Cache worker for kotlin-dsl (C:\Users\velal\.gradle\caches\8.3\kotlin-dsl)"        [_thread_blocked, id=22552, stack(0x000000d402f00000,0x000000d403000000) (1024K)]
  0x0000029f5f8c4920 JavaThread "jar transforms Thread 2"           [_thread_blocked, id=22564, stack(0x000000d402300000,0x000000d402400000) (1024K)]
  0x0000029f5f8c14a0 JavaThread "jar transforms Thread 3"           [_thread_blocked, id=22568, stack(0x000000d402400000,0x000000d402500000) (1024K)]
  0x0000029f5f8c1b30 JavaThread "Cache worker for dependencies-accessors (C:\Users\velal\Documents\App\app\android\.gradle\8.3\dependencies-accessors)"        [_thread_blocked, id=22572, stack(0x000000d402d00000,0x000000d402e00000) (1024K)]
  0x0000029f5f8c5cd0 JavaThread "Cache worker for Build Output Cleanup Cache (C:\flutter\packages\flutter_tools\gradle\.gradle\buildOutputCleanup)"        [_thread_blocked, id=22608, stack(0x000000d403000000,0x000000d403100000) (1024K)]
  0x0000029f5f8c5640 JavaThread "jar transforms Thread 4"           [_thread_blocked, id=22612, stack(0x000000d403100000,0x000000d403200000) (1024K)]
  0x0000029f5f8c69f0 JavaThread "jar transforms Thread 5"           [_thread_blocked, id=22616, stack(0x000000d403200000,0x000000d403300000) (1024K)]
  0x0000029f5f8c7080 JavaThread "Memory manager"                    [_thread_blocked, id=22624, stack(0x000000d403400000,0x000000d403500000) (1024K)]
  0x0000029f5f8c7710 JavaThread "jar transforms Thread 6"           [_thread_blocked, id=22640, stack(0x000000d403300000,0x000000d403400000) (1024K)]
  0x0000029f5ea92e70 JavaThread "jar transforms Thread 7"           [_thread_blocked, id=22644, stack(0x000000d403500000,0x000000d403600000) (1024K)]
  0x0000029f5ea91ac0 JavaThread "included builds"                   [_thread_blocked, id=22680, stack(0x000000d403800000,0x000000d403900000) (1024K)]
  0x0000029f5ea90080 JavaThread "Execution worker"                  [_thread_in_native, id=22684, stack(0x000000d403900000,0x000000d403a00000) (1024K)]
  0x0000029f5ea91430 JavaThread "Execution worker Thread 2"         [_thread_blocked, id=22688, stack(0x000000d403a00000,0x000000d403b00000) (1024K)]
  0x0000029f5ea93500 JavaThread "Execution worker Thread 3"         [_thread_blocked, id=22692, stack(0x000000d403b00000,0x000000d403c00000) (1024K)]
  0x0000029f5ea94220 JavaThread "Execution worker Thread 4"         [_thread_blocked, id=22696, stack(0x000000d403c00000,0x000000d403d00000) (1024K)]
  0x0000029f5ea90da0 JavaThread "Execution worker Thread 5"         [_thread_blocked, id=22700, stack(0x000000d403d00000,0x000000d403e00000) (1024K)]
  0x0000029f5ea948b0 JavaThread "Execution worker Thread 6"         [_thread_blocked, id=22704, stack(0x000000d403e00000,0x000000d403f00000) (1024K)]
  0x0000029f5ea94f40 JavaThread "Execution worker Thread 7"         [_thread_blocked, id=22708, stack(0x000000d403f00000,0x000000d404000000) (1024K)]
  0x0000029f5ea955d0 JavaThread "Execution worker Thread 8"         [_thread_blocked, id=22712, stack(0x000000d404000000,0x000000d404100000) (1024K)]
  0x0000029f5ea927e0 JavaThread "Execution worker Thread 9"         [_thread_blocked, id=22716, stack(0x000000d404100000,0x000000d404200000) (1024K)]
  0x0000029f5ea92150 JavaThread "Execution worker Thread 10"        [_thread_blocked, id=22720, stack(0x000000d404200000,0x000000d404300000) (1024K)]
  0x0000029f5ea95c60 JavaThread "Execution worker Thread 11"        [_thread_blocked, id=22724, stack(0x000000d404300000,0x000000d404400000) (1024K)]
  0x0000029f5ea962f0 JavaThread "Execution worker Thread 12"        [_thread_blocked, id=22728, stack(0x000000d404400000,0x000000d404500000) (1024K)]
  0x0000029f5ea96980 JavaThread "Execution worker Thread 13"        [_thread_blocked, id=22732, stack(0x000000d404500000,0x000000d404600000) (1024K)]
  0x0000029f5ea97010 JavaThread "Execution worker Thread 14"        [_thread_blocked, id=22736, stack(0x000000d404600000,0x000000d404700000) (1024K)]
  0x0000029f5ea93b90 JavaThread "Execution worker Thread 15"        [_thread_blocked, id=22740, stack(0x000000d404700000,0x000000d404800000) (1024K)]
  0x0000029f5ea976a0 JavaThread "Cache worker for execution history cache (C:\flutter\packages\flutter_tools\gradle\.gradle\8.3\executionHistory)"        [_thread_blocked, id=22744, stack(0x000000d404800000,0x000000d404900000) (1024K)]
Total: 60

Other Threads:
  0x0000029f57385300 VMThread "VM Thread"                           [id=6596, stack(0x000000d47f900000,0x000000d47fa00000) (1024K)]
  0x0000029f565014b0 WatcherThread "VM Periodic Task Thread"        [id=18604, stack(0x000000d47f800000,0x000000d47f900000) (1024K)]
  0x0000029f3c03e330 WorkerThread "GC Thread#0"                     [id=5308, stack(0x000000d47f300000,0x000000d47f400000) (1024K)]
  0x0000029f5c636360 WorkerThread "GC Thread#1"                     [id=6020, stack(0x000000d400900000,0x000000d400a00000) (1024K)]
  0x0000029f5c4c3d50 WorkerThread "GC Thread#2"                     [id=18068, stack(0x000000d400a00000,0x000000d400b00000) (1024K)]
  0x0000029f5c4c40f0 WorkerThread "GC Thread#3"                     [id=1992, stack(0x000000d400b00000,0x000000d400c00000) (1024K)]
  0x0000029f5c4c4490 WorkerThread "GC Thread#4"                     [id=18184, stack(0x000000d400c00000,0x000000d400d00000) (1024K)]
  0x0000029f5c4c4830 WorkerThread "GC Thread#5"                     [id=21072, stack(0x000000d400d00000,0x000000d400e00000) (1024K)]
  0x0000029f5cfac510 WorkerThread "GC Thread#6"                     [id=5508, stack(0x000000d400800000,0x000000d400900000) (1024K)]
  0x0000029f5cfac8b0 WorkerThread "GC Thread#7"                     [id=13568, stack(0x000000d401800000,0x000000d401900000) (1024K)]
  0x0000029f5cfacc50 WorkerThread "GC Thread#8"                     [id=17984, stack(0x000000d401900000,0x000000d401a00000) (1024K)]
  0x0000029f5cfacff0 WorkerThread "GC Thread#9"                     [id=8232, stack(0x000000d401a00000,0x000000d401b00000) (1024K)]
  0x0000029f5cfad390 WorkerThread "GC Thread#10"                    [id=5196, stack(0x000000d401b00000,0x000000d401c00000) (1024K)]
  0x0000029f5cfad730 WorkerThread "GC Thread#11"                    [id=16632, stack(0x000000d401c00000,0x000000d401d00000) (1024K)]
  0x0000029f5cfadad0 WorkerThread "GC Thread#12"                    [id=20204, stack(0x000000d401d00000,0x000000d401e00000) (1024K)]
  0x0000029f3a52e2b0 ConcurrentGCThread "G1 Main Marker"            [id=18040, stack(0x000000d47f400000,0x000000d47f500000) (1024K)]
  0x0000029f3a52ea60 WorkerThread "G1 Conc#0"                       [id=12332, stack(0x000000d47f500000,0x000000d47f600000) (1024K)]
  0x0000029f5cfade70 WorkerThread "G1 Conc#1"                       [id=7252, stack(0x000000d401e00000,0x000000d401f00000) (1024K)]
  0x0000029f5d336660 WorkerThread "G1 Conc#2"                       [id=12316, stack(0x000000d401f00000,0x000000d402000000) (1024K)]
  0x0000029f563d40a0 ConcurrentGCThread "G1 Refine#0"               [id=9588, stack(0x000000d47f600000,0x000000d47f700000) (1024K)]
  0x0000029f563d48c0 ConcurrentGCThread "G1 Service"                [id=10084, stack(0x000000d47f700000,0x000000d47f800000) (1024K)]
Total: 21

Threads with active compile tasks:
Total: 0

VM state: not at safepoint (normal execution)

VM Mutex/Monitor currently owned by a thread: None

Heap address: 0x0000000700000000, size: 4096 MB, Compressed Oops mode: Zero based, Oop shift amount: 3

CDS archive(s) not mapped
Compressed class space mapped at: 0x0000000800000000-0x0000000840000000, reserved size: 1073741824
Narrow klass base: 0x0000000800000000, Narrow klass shift: 0, Narrow klass range: 0x40000000

GC Precious Log:
 CardTable entry size: 512
 Card Set container configuration: InlinePtr #cards 4 size 8 Array Of Cards #cards 16 size 48 Howl #buckets 8 coarsen threshold 3686 Howl Bitmap #cards 512 size 80 coarsen threshold 460 Card regions per heap region 1 cards per card region 4096
 CPUs: 16 total, 16 available
 Memory: 16085M
 Large Page Support: Disabled
 NUMA Support: Disabled
 Compressed Oops: Enabled (Zero based)
 Heap Region Size: 2M
 Heap Min Capacity: 8M
 Heap Initial Capacity: 252M
 Heap Max Capacity: 4G
 Pre-touch: Disabled
 Parallel Workers: 13
 Concurrent Workers: 3
 Concurrent Refinement Workers: 13
 Periodic GC: Disabled

Heap:
 garbage-first heap   total 92160K, used 56350K [0x0000000700000000, 0x0000000800000000)
  region size 2048K, 11 young (22528K), 3 survivors (6144K)
 Metaspace       used 71699K, committed 73408K, reserved 1114112K
  class space    used 9898K, committed 10752K, reserved 1048576K

Heap Regions: E=young(eden), S=young(survivor), O=old, HS=humongous(starts), HC=humongous(continues), CS=collection set, F=free, TAMS=top-at-mark-start, PB=parsable bottom
|   0|0x0000000700000000, 0x0000000700200000, 0x0000000700200000|100%|HS|  |TAMS 0x0000000700000000| PB 0x0000000700000000| Complete 
|   1|0x0000000700200000, 0x0000000700400000, 0x0000000700400000|100%|HC|  |TAMS 0x0000000700200000| PB 0x0000000700200000| Complete 
|   2|0x0000000700400000, 0x0000000700600000, 0x0000000700600000|100%| O|  |TAMS 0x0000000700400000| PB 0x0000000700400000| Untracked 
|   3|0x0000000700600000, 0x0000000700800000, 0x0000000700800000|100%| O|  |TAMS 0x0000000700600000| PB 0x0000000700600000| Untracked 
|   4|0x0000000700800000, 0x00000007009f7ac8, 0x0000000700a00000| 98%| O|  |TAMS 0x0000000700800000| PB 0x0000000700800000| Untracked 
|   5|0x0000000700a00000, 0x0000000700c00000, 0x0000000700c00000|100%| O|  |TAMS 0x0000000700a00000| PB 0x0000000700a00000| Untracked 
|   6|0x0000000700c00000, 0x0000000700c3d578, 0x0000000700e00000| 11%| O|  |TAMS 0x0000000700c00000| PB 0x0000000700c00000| Untracked 
|   7|0x0000000700e00000, 0x0000000701000000, 0x0000000701000000|100%| O|  |TAMS 0x0000000700e00000| PB 0x0000000700e00000| Untracked 
|   8|0x0000000701000000, 0x0000000701200000, 0x0000000701200000|100%| O|  |TAMS 0x0000000701000000| PB 0x0000000701000000| Untracked 
|   9|0x0000000701200000, 0x0000000701400000, 0x0000000701400000|100%| O|  |TAMS 0x0000000701200000| PB 0x0000000701200000| Untracked 
|  10|0x0000000701400000, 0x0000000701600000, 0x0000000701600000|100%| O|  |TAMS 0x0000000701400000| PB 0x0000000701400000| Untracked 
|  11|0x0000000701600000, 0x0000000701800000, 0x0000000701800000|100%| O|  |TAMS 0x0000000701600000| PB 0x0000000701600000| Untracked 
|  12|0x0000000701800000, 0x0000000701a00000, 0x0000000701a00000|100%| O|  |TAMS 0x0000000701800000| PB 0x0000000701800000| Untracked 
|  13|0x0000000701a00000, 0x0000000701c00000, 0x0000000701c00000|100%| O|  |TAMS 0x0000000701a00000| PB 0x0000000701a00000| Untracked 
|  14|0x0000000701c00000, 0x0000000701e00000, 0x0000000701e00000|100%| O|  |TAMS 0x0000000701c00000| PB 0x0000000701c00000| Untracked 
|  15|0x0000000701e00000, 0x0000000701e00000, 0x0000000702000000|  0%| F|  |TAMS 0x0000000701e00000| PB 0x0000000701e00000| Untracked 
|  16|0x0000000702000000, 0x0000000702000000, 0x0000000702200000|  0%| F|  |TAMS 0x0000000702000000| PB 0x0000000702000000| Untracked 
|  17|0x0000000702200000, 0x0000000702200000, 0x0000000702400000|  0%| F|  |TAMS 0x0000000702200000| PB 0x0000000702200000| Untracked 
|  18|0x0000000702400000, 0x0000000702400000, 0x0000000702600000|  0%| F|  |TAMS 0x0000000702400000| PB 0x0000000702400000| Untracked 
|  19|0x0000000702600000, 0x0000000702600000, 0x0000000702800000|  0%| F|  |TAMS 0x0000000702600000| PB 0x0000000702600000| Untracked 
|  20|0x0000000702800000, 0x00000007028d2998, 0x0000000702a00000| 41%| S|CS|TAMS 0x0000000702800000| PB 0x0000000702800000| Complete 
|  21|0x0000000702a00000, 0x0000000702c00000, 0x0000000702c00000|100%| S|CS|TAMS 0x0000000702a00000| PB 0x0000000702a00000| Complete 
|  22|0x0000000702c00000, 0x0000000702e00000, 0x0000000702e00000|100%| S|CS|TAMS 0x0000000702c00000| PB 0x0000000702c00000| Complete 
|  23|0x0000000702e00000, 0x0000000702e00000, 0x0000000703000000|  0%| F|  |TAMS 0x0000000702e00000| PB 0x0000000702e00000| Untracked 
|  24|0x0000000703000000, 0x0000000703000000, 0x0000000703200000|  0%| F|  |TAMS 0x0000000703000000| PB 0x0000000703000000| Untracked 
|  25|0x0000000703200000, 0x0000000703200000, 0x0000000703400000|  0%| F|  |TAMS 0x0000000703200000| PB 0x0000000703200000| Untracked 
|  26|0x0000000703400000, 0x0000000703400000, 0x0000000703600000|  0%| F|  |TAMS 0x0000000703400000| PB 0x0000000703400000| Untracked 
|  27|0x0000000703600000, 0x0000000703600000, 0x0000000703800000|  0%| F|  |TAMS 0x0000000703600000| PB 0x0000000703600000| Untracked 
|  28|0x0000000703800000, 0x0000000703800000, 0x0000000703a00000|  0%| F|  |TAMS 0x0000000703800000| PB 0x0000000703800000| Untracked 
|  29|0x0000000703a00000, 0x0000000703a00000, 0x0000000703c00000|  0%| F|  |TAMS 0x0000000703a00000| PB 0x0000000703a00000| Untracked 
|  30|0x0000000703c00000, 0x0000000703c00000, 0x0000000703e00000|  0%| F|  |TAMS 0x0000000703c00000| PB 0x0000000703c00000| Untracked 
|  31|0x0000000703e00000, 0x0000000703e00000, 0x0000000704000000|  0%| F|  |TAMS 0x0000000703e00000| PB 0x0000000703e00000| Untracked 
|  32|0x0000000704000000, 0x0000000704000000, 0x0000000704200000|  0%| F|  |TAMS 0x0000000704000000| PB 0x0000000704000000| Untracked 
|  33|0x0000000704200000, 0x0000000704245860, 0x0000000704400000| 13%| E|  |TAMS 0x0000000704200000| PB 0x0000000704200000| Complete 
|  34|0x0000000704400000, 0x0000000704600000, 0x0000000704600000|100%| E|CS|TAMS 0x0000000704400000| PB 0x0000000704400000| Complete 
|  35|0x0000000704600000, 0x0000000704800000, 0x0000000704800000|100%| E|CS|TAMS 0x0000000704600000| PB 0x0000000704600000| Complete 
|  99|0x000000070c600000, 0x000000070c800000, 0x000000070c800000|100%| E|CS|TAMS 0x000000070c600000| PB 0x000000070c600000| Complete 
| 100|0x000000070c800000, 0x000000070ca00000, 0x000000070ca00000|100%| E|CS|TAMS 0x000000070c800000| PB 0x000000070c800000| Complete 
| 101|0x000000070ca00000, 0x000000070cc00000, 0x000000070cc00000|100%| E|CS|TAMS 0x000000070ca00000| PB 0x000000070ca00000| Complete 
| 102|0x000000070cc00000, 0x000000070ce00000, 0x000000070ce00000|100%| E|CS|TAMS 0x000000070cc00000| PB 0x000000070cc00000| Complete 
| 125|0x000000070fa00000, 0x000000070fc00000, 0x000000070fc00000|100%| E|CS|TAMS 0x000000070fa00000| PB 0x000000070fa00000| Complete 
|2044|0x00000007ff800000, 0x00000007ffa00000, 0x00000007ffa00000|100%| O|  |TAMS 0x00000007ff800000| PB 0x00000007ff800000| Untracked 
|2045|0x00000007ffa00000, 0x00000007ffc00000, 0x00000007ffc00000|100%| O|  |TAMS 0x00000007ffa00000| PB 0x00000007ffa00000| Untracked 
|2046|0x00000007ffc00000, 0x00000007ffe00000, 0x00000007ffe00000|100%| O|  |TAMS 0x00000007ffc00000| PB 0x00000007ffc00000| Untracked 
|2047|0x00000007ffe00000, 0x0000000800000000, 0x0000000800000000|100%| O|  |TAMS 0x00000007ffe00000| PB 0x00000007ffe00000| Untracked 

Card table byte_map: [0x0000029f4f970000,0x0000029f50170000] _byte_map_base: 0x0000029f4c170000

Marking Bits: (CMBitMap*) 0x0000029f3c03e840
 Bits: [0x0000029f50170000, 0x0000029f54170000)

Polling page: 0x0000029f3a410000

Metaspace:

Usage:
  Non-class:     60.35 MB used.
      Class:      9.67 MB used.
       Both:     70.02 MB used.

Virtual space:
  Non-class space:       64.00 MB reserved,      61.19 MB ( 96%) committed,  1 nodes.
      Class space:        1.00 GB reserved,      10.50 MB (  1%) committed,  1 nodes.
             Both:        1.06 GB reserved,      71.69 MB (  7%) committed. 

Chunk freelists:
   Non-Class:  2.50 MB
       Class:  5.52 MB
        Both:  8.02 MB

MaxMetaspaceSize: 2.00 GB
CompressedClassSpaceSize: 1.00 GB
Initial GC threshold: 21.00 MB
Current GC threshold: 97.75 MB
CDS: off
 - commit_granule_bytes: 65536.
 - commit_granule_words: 8192.
 - virtual_space_node_default_size: 8388608.
 - enlarge_chunks_in_place: 1.
 - use_allocation_guard: 0.


Internal statistics:

num_allocs_failed_limit: 6.
num_arena_births: 3306.
num_arena_deaths: 0.
num_vsnodes_births: 2.
num_vsnodes_deaths: 0.
num_space_committed: 1147.
num_space_uncommitted: 0.
num_chunks_returned_to_freelist: 6.
num_chunks_taken_from_freelist: 6197.
num_chunk_merges: 6.
num_chunk_splits: 4041.
num_chunks_enlarged: 2517.
num_inconsistent_stats: 0.

CodeHeap 'non-profiled nmethods': size=119168Kb used=4027Kb max_used=4027Kb free=115140Kb
 bounds [0x0000029f46d60000, 0x0000029f47150000, 0x0000029f4e1c0000]
CodeHeap 'profiled nmethods': size=119104Kb used=12807Kb max_used=12807Kb free=106296Kb
 bounds [0x0000029f3f1c0000, 0x0000029f3fe50000, 0x0000029f46610000]
CodeHeap 'non-nmethods': size=7488Kb used=2762Kb max_used=4495Kb free=4726Kb
 bounds [0x0000029f46610000, 0x0000029f46a80000, 0x0000029f46d60000]
 total_blobs=7363 nmethods=6464 adapters=802
 compilation: enabled
              stopped_count=0, restarted_count=0
 full_count=0

Compilation events (20 events):
Event: 13.334 Thread 0x0000029f57400230 7020       4       org.gradle.internal.logging.text.AbstractLineChoppingStyledTextOutput$1::execute (9 bytes)
Event: 13.335 Thread 0x0000029f57408cd0 7021       3       org.gradle.internal.SystemProperties::getInstance (4 bytes)
Event: 13.335 Thread 0x0000029f57408cd0 nmethod 7021 0x0000029f3fe3f690 code [0x0000029f3fe3f820, 0x0000029f3fe3f918]
Event: 13.343 Thread 0x0000029f57400230 nmethod 7020 0x0000029f4714d590 code [0x0000029f4714d7c0, 0x0000029f4714dea0]
Event: 13.780 Thread 0x0000029f57408cd0 7022       3       java.lang.invoke.DirectMethodHandle$Holder::invokeStatic (14 bytes)
Event: 13.781 Thread 0x0000029f57408cd0 nmethod 7022 0x0000029f3fe3f990 code [0x0000029f3fe3fb60, 0x0000029f3fe40070]
Event: 13.781 Thread 0x0000029f57408cd0 7023       3       java.lang.invoke.DirectMethodHandle$Holder::invokeStatic (17 bytes)
Event: 13.781 Thread 0x0000029f57408cd0 nmethod 7023 0x0000029f3fe40190 code [0x0000029f3fe40360, 0x0000029f3fe40808]
Event: 13.781 Thread 0x0000029f57408cd0 7024       3       java.lang.invoke.LambdaForm$MH/0x00000008001a4800::invoke (32 bytes)
Event: 13.781 Thread 0x0000029f57408cd0 nmethod 7024 0x0000029f3fe40910 code [0x0000029f3fe40ae0, 0x0000029f3fe40fa8]
Event: 13.781 Thread 0x0000029f57408cd0 7025       3       java.lang.invoke.DirectMethodHandle$Holder::invokeStatic (21 bytes)
Event: 13.781 Thread 0x0000029f57408cd0 nmethod 7025 0x0000029f3fe41110 code [0x0000029f3fe412e0, 0x0000029f3fe417c0]
Event: 13.781 Thread 0x0000029f57408cd0 7026       3       java.lang.StringConcatHelper::prepend (22 bytes)
Event: 13.782 Thread 0x0000029f57408cd0 nmethod 7026 0x0000029f3fe41910 code [0x0000029f3fe41ac0, 0x0000029f3fe41c48]
Event: 13.922 Thread 0x0000029f57400230 7027       4       java.util.concurrent.locks.AbstractQueuedSynchronizer$Node::setStatusRelaxed (12 bytes)
Event: 13.922 Thread 0x0000029f57400230 nmethod 7027 0x0000029f4714e510 code [0x0000029f4714e6a0, 0x0000029f4714e730]
Event: 14.406 Thread 0x0000029f57400230 7028       4       jdk.internal.misc.Unsafe::putIntOpaque (9 bytes)
Event: 14.406 Thread 0x0000029f57400230 nmethod 7028 0x0000029f4714e810 code [0x0000029f4714e9a0, 0x0000029f4714ea38]
Event: 14.784 Thread 0x0000029f57408cd0 7029       1       javax.management.ObjectName::getCanonicalName (5 bytes)
Event: 14.784 Thread 0x0000029f57408cd0 nmethod 7029 0x0000029f4714eb10 code [0x0000029f4714eca0, 0x0000029f4714ed70]

GC Heap History (20 events):
Event: 3.963 GC heap before
{Heap before GC invocations=6 (full 0):
 garbage-first heap   total 73728K, used 43624K [0x0000000700000000, 0x0000000800000000)
  region size 2048K, 14 young (28672K), 3 survivors (6144K)
 Metaspace       used 35146K, committed 36096K, reserved 1114112K
  class space    used 4756K, committed 5184K, reserved 1048576K
}
Event: 3.967 GC heap after
{Heap after GC invocations=7 (full 0):
 garbage-first heap   total 73728K, used 24252K [0x0000000700000000, 0x0000000800000000)
  region size 2048K, 2 young (4096K), 2 survivors (4096K)
 Metaspace       used 35146K, committed 36096K, reserved 1114112K
  class space    used 4756K, committed 5184K, reserved 1048576K
}
Event: 4.544 GC heap before
{Heap before GC invocations=8 (full 0):
 garbage-first heap   total 73728K, used 61116K [0x0000000700000000, 0x0000000800000000)
  region size 2048K, 20 young (40960K), 2 survivors (4096K)
 Metaspace       used 43055K, committed 44160K, reserved 1114112K
  class space    used 5650K, committed 6208K, reserved 1048576K
}
Event: 4.549 GC heap after
{Heap after GC invocations=9 (full 0):
 garbage-first heap   total 73728K, used 28016K [0x0000000700000000, 0x0000000800000000)
  region size 2048K, 3 young (6144K), 3 survivors (6144K)
 Metaspace       used 43055K, committed 44160K, reserved 1114112K
  class space    used 5650K, committed 6208K, reserved 1048576K
}
Event: 4.862 GC heap before
{Heap before GC invocations=9 (full 0):
 garbage-first heap   total 73728K, used 62832K [0x0000000700000000, 0x0000000800000000)
  region size 2048K, 19 young (38912K), 3 survivors (6144K)
 Metaspace       used 45473K, committed 46592K, reserved 1114112K
  class space    used 5925K, committed 6464K, reserved 1048576K
}
Event: 4.867 GC heap after
{Heap after GC invocations=10 (full 0):
 garbage-first heap   total 75776K, used 31272K [0x0000000700000000, 0x0000000800000000)
  region size 2048K, 2 young (4096K), 2 survivors (4096K)
 Metaspace       used 45473K, committed 46592K, reserved 1114112K
  class space    used 5925K, committed 6464K, reserved 1048576K
}
Event: 5.213 GC heap before
{Heap before GC invocations=10 (full 0):
 garbage-first heap   total 75776K, used 64040K [0x0000000700000000, 0x0000000800000000)
  region size 2048K, 18 young (36864K), 2 survivors (4096K)
 Metaspace       used 47803K, committed 49152K, reserved 1114112K
  class space    used 6301K, committed 6976K, reserved 1048576K
}
Event: 5.217 GC heap after
{Heap after GC invocations=11 (full 0):
 garbage-first heap   total 75776K, used 33226K [0x0000000700000000, 0x0000000800000000)
  region size 2048K, 3 young (6144K), 3 survivors (6144K)
 Metaspace       used 47803K, committed 49152K, reserved 1114112K
  class space    used 6301K, committed 6976K, reserved 1048576K
}
Event: 5.675 GC heap before
{Heap before GC invocations=11 (full 0):
 garbage-first heap   total 75776K, used 59850K [0x0000000700000000, 0x0000000800000000)
  region size 2048K, 17 young (34816K), 3 survivors (6144K)
 Metaspace       used 51077K, committed 52480K, reserved 1114112K
  class space    used 6740K, committed 7424K, reserved 1048576K
}
Event: 5.679 GC heap after
{Heap after GC invocations=12 (full 0):
 garbage-first heap   total 75776K, used 34859K [0x0000000700000000, 0x0000000800000000)
  region size 2048K, 2 young (4096K), 2 survivors (4096K)
 Metaspace       used 51077K, committed 52480K, reserved 1114112K
  class space    used 6740K, committed 7424K, reserved 1048576K
}
Event: 6.083 GC heap before
{Heap before GC invocations=12 (full 0):
 garbage-first heap   total 75776K, used 63531K [0x0000000700000000, 0x0000000800000000)
  region size 2048K, 16 young (32768K), 2 survivors (4096K)
 Metaspace       used 54407K, committed 55936K, reserved 1114112K
  class space    used 7303K, committed 8064K, reserved 1048576K
}
Event: 6.087 GC heap after
{Heap after GC invocations=13 (full 0):
 garbage-first heap   total 75776K, used 36347K [0x0000000700000000, 0x0000000800000000)
  region size 2048K, 2 young (4096K), 2 survivors (4096K)
 Metaspace       used 54407K, committed 55936K, reserved 1114112K
  class space    used 7303K, committed 8064K, reserved 1048576K
}
Event: 6.518 GC heap before
{Heap before GC invocations=13 (full 0):
 garbage-first heap   total 75776K, used 62971K [0x0000000700000000, 0x0000000800000000)
  region size 2048K, 15 young (30720K), 2 survivors (4096K)
 Metaspace       used 58319K, committed 59904K, reserved 1114112K
  class space    used 7895K, committed 8704K, reserved 1048576K
}
Event: 6.522 GC heap after
{Heap after GC invocations=14 (full 0):
 garbage-first heap   total 75776K, used 37637K [0x0000000700000000, 0x0000000800000000)
  region size 2048K, 2 young (4096K), 2 survivors (4096K)
 Metaspace       used 58319K, committed 59904K, reserved 1114112K
  class space    used 7895K, committed 8704K, reserved 1048576K
}
Event: 6.913 GC heap before
{Heap before GC invocations=15 (full 0):
 garbage-first heap   total 75776K, used 62213K [0x0000000700000000, 0x0000000800000000)
  region size 2048K, 14 young (28672K), 2 survivors (4096K)
 Metaspace       used 61048K, committed 62720K, reserved 1114112K
  class space    used 8317K, committed 9152K, reserved 1048576K
}
Event: 6.917 GC heap after
{Heap after GC invocations=16 (full 0):
 garbage-first heap   total 92160K, used 39004K [0x0000000700000000, 0x0000000800000000)
  region size 2048K, 2 young (4096K), 2 survivors (4096K)
 Metaspace       used 61048K, committed 62720K, reserved 1114112K
  class space    used 8317K, committed 9152K, reserved 1048576K
}
Event: 7.570 GC heap before
{Heap before GC invocations=16 (full 0):
 garbage-first heap   total 92160K, used 77916K [0x0000000700000000, 0x0000000800000000)
  region size 2048K, 22 young (45056K), 2 survivors (4096K)
 Metaspace       used 66000K, committed 67648K, reserved 1114112K
  class space    used 8967K, committed 9792K, reserved 1048576K
}
Event: 7.575 GC heap after
{Heap after GC invocations=17 (full 0):
 garbage-first heap   total 92160K, used 39899K [0x0000000700000000, 0x0000000800000000)
  region size 2048K, 3 young (6144K), 3 survivors (6144K)
 Metaspace       used 66000K, committed 67648K, reserved 1114112K
  class space    used 8967K, committed 9792K, reserved 1048576K
}
Event: 8.069 GC heap before
{Heap before GC invocations=17 (full 0):
 garbage-first heap   total 92160K, used 76763K [0x0000000700000000, 0x0000000800000000)
  region size 2048K, 21 young (43008K), 3 survivors (6144K)
 Metaspace       used 70178K, committed 71872K, reserved 1114112K
  class space    used 9626K, committed 10432K, reserved 1048576K
}
Event: 8.074 GC heap after
{Heap after GC invocations=18 (full 0):
 garbage-first heap   total 92160K, used 42014K [0x0000000700000000, 0x0000000800000000)
  region size 2048K, 3 young (6144K), 3 survivors (6144K)
 Metaspace       used 70178K, committed 71872K, reserved 1114112K
  class space    used 9626K, committed 10432K, reserved 1048576K
}

Dll operation events (3 events):
Event: 0.018 Loaded shared library C:\Program Files\Android\Android Studio\jbr\bin\java.dll
Event: 0.025 Loaded shared library C:\Program Files\Android\Android Studio\jbr\bin\zip.dll
Event: 0.518 Loaded shared library C:\Program Files\Android\Android Studio\jbr\bin\verify.dll

Deoptimization events (20 events):
Event: 8.234 Thread 0x0000029f5ea90080 DEOPT PACKING pc=0x0000029f4711b9f8 sp=0x000000d4039fc450
Event: 8.234 Thread 0x0000029f5ea90080 DEOPT UNPACKING pc=0x0000029f466646a2 sp=0x000000d4039fc3d0 mode 2
Event: 8.234 Thread 0x0000029f5ea90080 Uncommon trap: trap_request=0xffffffde fr.pc=0x0000029f4711b9f8 relative=0x0000000000000238
Event: 8.234 Thread 0x0000029f5ea90080 Uncommon trap: reason=class_check action=maybe_recompile pc=0x0000029f4711b9f8 method=com.google.common.collect.NaturalOrdering.compare(Ljava/lang/Object;Ljava/lang/Object;)I @ 2 c2
Event: 8.234 Thread 0x0000029f5ea90080 DEOPT PACKING pc=0x0000029f4711b9f8 sp=0x000000d4039fc5e0
Event: 8.234 Thread 0x0000029f5ea90080 DEOPT UNPACKING pc=0x0000029f466646a2 sp=0x000000d4039fc560 mode 2
Event: 8.279 Thread 0x0000029f5ea90080 DEOPT PACKING pc=0x0000029f3f704d56 sp=0x000000d4039fcef0
Event: 8.279 Thread 0x0000029f5ea90080 DEOPT UNPACKING pc=0x0000029f46664e42 sp=0x000000d4039fc438 mode 0
Event: 8.290 Thread 0x0000029f5ea90080 Uncommon trap: trap_request=0xffffff45 fr.pc=0x0000029f470b9cd8 relative=0x0000000000000298
Event: 8.290 Thread 0x0000029f5ea90080 Uncommon trap: reason=unstable_if action=reinterpret pc=0x0000029f470b9cd8 method=java.lang.String.regionMatches(ZILjava/lang/String;II)Z @ 1 c2
Event: 8.290 Thread 0x0000029f5ea90080 DEOPT PACKING pc=0x0000029f470b9cd8 sp=0x000000d4039fa680
Event: 8.290 Thread 0x0000029f5ea90080 DEOPT UNPACKING pc=0x0000029f466646a2 sp=0x000000d4039fa618 mode 2
Event: 8.315 Thread 0x0000029f5ea90080 Uncommon trap: trap_request=0xffffffc6 fr.pc=0x0000029f4705c944 relative=0x0000000000000884
Event: 8.315 Thread 0x0000029f5ea90080 Uncommon trap: reason=bimorphic_or_optimized_type_check action=maybe_recompile pc=0x0000029f4705c944 method=java.util.stream.MatchOps$MatchOp.evaluateSequential(Ljava/util/stream/PipelineHelper;Ljava/util/Spliterator;)Ljava/lang/Boolean; @ 14 c2
Event: 8.315 Thread 0x0000029f5ea90080 DEOPT PACKING pc=0x0000029f4705c944 sp=0x000000d4039fa4c0
Event: 8.315 Thread 0x0000029f5ea90080 DEOPT UNPACKING pc=0x0000029f466646a2 sp=0x000000d4039fa3f8 mode 2
Event: 11.538 Thread 0x0000029f5f8c7080 Uncommon trap: trap_request=0xffffffd6 fr.pc=0x0000029f470ea08c relative=0x00000000000003cc
Event: 11.538 Thread 0x0000029f5f8c7080 Uncommon trap: reason=array_check action=maybe_recompile pc=0x0000029f470ea08c method=java.util.LinkedHashMap.keysToArray([Ljava/lang/Object;Z)[Ljava/lang/Object; @ 67 c2
Event: 11.538 Thread 0x0000029f5f8c7080 DEOPT PACKING pc=0x0000029f470ea08c sp=0x000000d4034fcbb0
Event: 11.538 Thread 0x0000029f5f8c7080 DEOPT UNPACKING pc=0x0000029f466646a2 sp=0x000000d4034fcb50 mode 2

Classes loaded (20 events):
Event: 8.179 Loading class java/util/IdentityHashMap$KeyIterator
Event: 8.179 Loading class java/util/IdentityHashMap$IdentityHashMapIterator
Event: 8.179 Loading class java/util/IdentityHashMap$IdentityHashMapIterator done
Event: 8.179 Loading class java/util/IdentityHashMap$KeyIterator done
Event: 12.096 Loading class java/util/concurrent/LinkedBlockingDeque$Itr
Event: 12.096 Loading class java/util/concurrent/LinkedBlockingDeque$AbstractItr
Event: 12.097 Loading class java/util/concurrent/LinkedBlockingDeque$AbstractItr done
Event: 12.097 Loading class java/util/concurrent/LinkedBlockingDeque$Itr done
Event: 13.332 Loading class java/util/logging/LogRecord
Event: 13.333 Loading class java/util/logging/LogRecord done
Event: 13.333 Loading class java/time/Clock
Event: 13.334 Loading class java/time/InstantSource
Event: 13.334 Loading class java/time/InstantSource done
Event: 13.334 Loading class java/time/Clock done
Event: 13.344 Loading class java/io/ObjectOutputStream$BlockDataOutputStream
Event: 13.345 Loading class java/io/ObjectOutputStream$BlockDataOutputStream done
Event: 13.345 Loading class java/io/ObjectOutputStream$HandleTable
Event: 13.345 Loading class java/io/ObjectOutputStream$HandleTable done
Event: 13.345 Loading class java/io/ObjectOutputStream$ReplaceTable
Event: 13.345 Loading class java/io/ObjectOutputStream$ReplaceTable done

Classes unloaded (0 events):
No events

Classes redefined (0 events):
No events

Internal exceptions (20 events):
Event: 7.636 Thread 0x0000029f5ce1b3e0 Exception <a 'java/lang/NoSuchMethodError'{0x000000070cad30e0}: 'void java.lang.invoke.DirectMethodHandle$Holder.invokeSpecial(java.lang.Object, java.lang.Object, java.lang.Object, java.lang.Object, java.lang.Object, java.lang.Object, java.lang.Object, java.lang.Object, java.lang.Object)'> (0x000000070cad30e0) 
thrown [s\src\hotspot\share\interpreter\linkResolver.cpp, line 784]
Event: 7.666 Thread 0x0000029f5ce1b3e0 Exception <a 'java/lang/NoSuchMethodError'{0x000000070c8b0990}: 'int java.lang.invoke.DirectMethodHandle$Holder.invokeSpecialIFC(java.lang.Object, java.lang.Object, java.lang.Object)'> (0x000000070c8b0990) 
thrown [s\src\hotspot\share\interpreter\linkResolver.cpp, line 784]
Event: 7.716 Thread 0x0000029f5ce1b3e0 Exception <a 'java/lang/NoSuchMethodError'{0x000000070c7daa78}: 'int java.lang.invoke.DirectMethodHandle$Holder.invokeStaticInit(java.lang.Object)'> (0x000000070c7daa78) 
thrown [s\src\hotspot\share\interpreter\linkResolver.cpp, line 784]
Event: 7.724 Thread 0x0000029f5ce1b3e0 Exception <a 'java/lang/NoSuchMethodError'{0x0000000704656c48}: 'java.lang.Object java.lang.invoke.DirectMethodHandle$Holder.newInvokeSpecial(java.lang.Object, java.lang.Object, java.lang.Object, java.lang.Object, java.lang.Object, int)'> (0x0000000704656c48) 
thrown [s\src\hotspot\share\interpreter\linkResolver.cpp, line 784]
Event: 7.724 Thread 0x0000029f5ce1b3e0 Exception <a 'java/lang/NoSuchMethodError'{0x000000070465bdb0}: 'java.lang.Object java.lang.invoke.DirectMethodHandle$Holder.invokeSpecial(java.lang.Object, java.lang.Object, java.lang.Object, java.lang.Object, java.lang.Object, java.lang.Object, int)'> (0x000000070465bdb0) 
thrown [s\src\hotspot\share\interpreter\linkResolver.cpp, line 784]
Event: 7.735 Thread 0x0000029f5ce1b3e0 Exception <a 'java/lang/NoSuchMethodError'{0x0000000704707020}: 'void java.lang.invoke.DirectMethodHandle$Holder.invokeStatic(java.lang.Object, java.lang.Object, java.lang.Object, int, java.lang.Object)'> (0x0000000704707020) 
thrown [s\src\hotspot\share\interpreter\linkResolver.cpp, line 784]
Event: 7.895 Thread 0x0000029f5ce1b3e0 Exception <a 'java/lang/NoSuchMethodError'{0x0000000703adf800}: 'java.lang.Object java.lang.invoke.DirectMethodHandle$Holder.newInvokeSpecial(java.lang.Object, java.lang.Object, int)'> (0x0000000703adf800) 
thrown [s\src\hotspot\share\interpreter\linkResolver.cpp, line 784]
Event: 8.080 Thread 0x0000029f5ce1b3e0 Exception <a 'java/lang/NoSuchMethodError'{0x000000070fa2d108}: 'int java.lang.invoke.DirectMethodHandle$Holder.invokeInterface(java.lang.Object, java.lang.Object, java.lang.Object, java.lang.Object)'> (0x000000070fa2d108) 
thrown [s\src\hotspot\share\interpreter\linkResolver.cpp, line 784]
Event: 8.143 Thread 0x0000029f5ce1b3e0 Exception <a 'java/lang/NoSuchMethodError'{0x000000070cdc53c0}: 'java.lang.Object java.lang.invoke.DirectMethodHandle$Holder.newInvokeSpecial(java.lang.Object, java.lang.Object, java.lang.Object, java.lang.Object, java.lang.Object, java.lang.Object, int)'> (0x000000070cdc53c0) 
thrown [s\src\hotspot\share\interpreter\linkResolver.cpp, line 784]
Event: 8.144 Thread 0x0000029f5ce1b3e0 Exception <a 'java/lang/NoSuchMethodError'{0x000000070cdca650}: 'java.lang.Object java.lang.invoke.DirectMethodHandle$Holder.invokeSpecial(java.lang.Object, java.lang.Object, java.lang.Object, java.lang.Object, java.lang.Object, java.lang.Object, java.lang.Object, int)'> (0x000000070cdca650) 
thrown [s\src\hotspot\share\interpreter\linkResolver.cpp, line 784]
Event: 8.144 Thread 0x0000029f5ce1b3e0 Exception <a 'java/lang/NoSuchMethodError'{0x000000070cdcf480}: 'java.lang.Object java.lang.invoke.Invokers$Holder.linkToTargetMethod(java.lang.Object, java.lang.Object, java.lang.Object, java.lang.Object, java.lang.Object, int, java.lang.Object)'> (0x000000070cdcf480) 
thrown [s\src\hotspot\share\interpreter\linkResolver.cpp, line 784]
Event: 8.232 Thread 0x0000029f5ea90080 Exception <a 'java/lang/NoSuchMethodError'{0x000000070460e3c8}: 'java.lang.Object java.lang.invoke.DirectMethodHandle$Holder.newInvokeSpecial(java.lang.Object, java.lang.Object, java.lang.Object, java.lang.Object, int, java.lang.Object)'> (0x000000070460e3c8) 
thrown [s\src\hotspot\share\interpreter\linkResolver.cpp, line 784]
Event: 8.232 Thread 0x0000029f5ea90080 Exception <a 'java/lang/NoSuchMethodError'{0x0000000704612398}: 'java.lang.Object java.lang.invoke.Invokers$Holder.linkToTargetMethod(java.lang.Object, java.lang.Object, java.lang.Object, int, java.lang.Object, java.lang.Object)'> (0x0000000704612398) 
thrown [s\src\hotspot\share\interpreter\linkResolver.cpp, line 784]
Event: 8.277 Thread 0x0000029f5ea90080 Exception <a 'sun/nio/fs/WindowsException'{0x000000070443df08}> (0x000000070443df08) 
thrown [s\src\hotspot\share\prims\jni.cpp, line 535]
Event: 8.278 Thread 0x0000029f5ea90080 Exception <a 'sun/nio/fs/WindowsException'{0x0000000704440068}> (0x0000000704440068) 
thrown [s\src\hotspot\share\prims\jni.cpp, line 535]
Event: 8.279 Thread 0x0000029f5ea90080 Exception <a 'sun/nio/fs/WindowsException'{0x0000000704441f98}> (0x0000000704441f98) 
thrown [s\src\hotspot\share\prims\jni.cpp, line 535]
Event: 8.280 Thread 0x0000029f5ea90080 Exception <a 'sun/nio/fs/WindowsException'{0x0000000704443c50}> (0x0000000704443c50) 
thrown [s\src\hotspot\share\prims\jni.cpp, line 535]
Event: 8.288 Thread 0x0000029f5ea90080 Exception <a 'java/lang/NoSuchMethodError'{0x0000000704497ff0}: 'int java.lang.invoke.DirectMethodHandle$Holder.invokeSpecial(java.lang.Object, java.lang.Object, java.lang.Object, java.lang.Object, java.lang.Object)'> (0x0000000704497ff0) 
thrown [s\src\hotspot\share\interpreter\linkResolver.cpp, line 784]
Event: 8.303 Thread 0x0000029f5ea90080 Exception <a 'sun/nio/fs/WindowsException'{0x00000007045289b8}> (0x00000007045289b8) 
thrown [s\src\hotspot\share\prims\jni.cpp, line 535]
Event: 13.335 Thread 0x0000029f5ea90080 Exception <a 'net/rubygrapefruit/platform/NativeException'{0x00000007045ca5c0}: Execution timed out> (0x00000007045ca5c0) 
thrown [s\src\hotspot\share\prims\jni.cpp, line 567]

ZGC Phase Switch (0 events):
No events

VM Operations (20 events):
Event: 8.066 Executing VM operation: HandshakeAllThreads (Deoptimize)
Event: 8.066 Executing VM operation: HandshakeAllThreads (Deoptimize) done
Event: 8.069 Executing VM operation: G1CollectForAllocation (G1 Evacuation Pause)
Event: 8.074 Executing VM operation: G1CollectForAllocation (G1 Evacuation Pause) done
Event: 8.277 Executing VM operation: ICBufferFull
Event: 8.277 Executing VM operation: ICBufferFull done
Event: 8.286 Executing VM operation: HandshakeAllThreads (Deoptimize)
Event: 8.286 Executing VM operation: HandshakeAllThreads (Deoptimize) done
Event: 9.287 Executing VM operation: Cleanup
Event: 9.287 Executing VM operation: Cleanup done
Event: 11.537 Executing VM operation: HandshakeAllThreads (Deoptimize)
Event: 11.538 Executing VM operation: HandshakeAllThreads (Deoptimize) done
Event: 11.538 Executing VM operation: Cleanup
Event: 11.538 Executing VM operation: Cleanup done
Event: 12.109 Executing VM operation: HandshakeAllThreads (Deoptimize)
Event: 12.109 Executing VM operation: HandshakeAllThreads (Deoptimize) done
Event: 13.124 Executing VM operation: Cleanup
Event: 13.124 Executing VM operation: Cleanup done
Event: 14.126 Executing VM operation: Cleanup
Event: 14.126 Executing VM operation: Cleanup done

Memory protections (0 events):
No events

Nmethod flushes (20 events):
Event: 6.542 Thread 0x0000029f57385300 flushing  nmethod 0x0000029f3f547310
Event: 6.542 Thread 0x0000029f57385300 flushing  nmethod 0x0000029f3f549c10
Event: 6.542 Thread 0x0000029f57385300 flushing  nmethod 0x0000029f3f54c110
Event: 6.542 Thread 0x0000029f57385300 flushing  nmethod 0x0000029f3f54d910
Event: 6.542 Thread 0x0000029f57385300 flushing  nmethod 0x0000029f3f696390
Event: 6.542 Thread 0x0000029f57385300 flushing  nmethod 0x0000029f3f697290
Event: 6.542 Thread 0x0000029f57385300 flushing  nmethod 0x0000029f46ddb390
Event: 6.542 Thread 0x0000029f57385300 flushing  nmethod 0x0000029f46ebc410
Event: 6.542 Thread 0x0000029f57385300 flushing  nmethod 0x0000029f3f236290
Event: 6.542 Thread 0x0000029f57385300 flushing  nmethod 0x0000029f3f345110
Event: 6.542 Thread 0x0000029f57385300 flushing  nmethod 0x0000029f3f348b90
Event: 6.542 Thread 0x0000029f57385300 flushing  nmethod 0x0000029f3f42ef90
Event: 6.542 Thread 0x0000029f57385300 flushing  nmethod 0x0000029f3f49db10
Event: 6.542 Thread 0x0000029f57385300 flushing  nmethod 0x0000029f3f49e290
Event: 6.542 Thread 0x0000029f57385300 flushing  nmethod 0x0000029f3f4a2390
Event: 6.542 Thread 0x0000029f57385300 flushing  nmethod 0x0000029f3f4a3090
Event: 6.542 Thread 0x0000029f57385300 flushing  nmethod 0x0000029f3f4a4990
Event: 6.542 Thread 0x0000029f57385300 flushing  nmethod 0x0000029f3f4a8090
Event: 6.542 Thread 0x0000029f57385300 flushing  nmethod 0x0000029f3f7e5610
Event: 6.542 Thread 0x0000029f57385300 flushing  nmethod 0x0000029f3f7e6010

Events (20 events):
Event: 8.213 Thread 0x0000029f5ea91ac0 Thread added: 0x0000029f5ea93500
Event: 8.213 Thread 0x0000029f5ea91ac0 Thread added: 0x0000029f5ea94220
Event: 8.213 Thread 0x0000029f5ea91ac0 Thread added: 0x0000029f5ea90da0
Event: 8.213 Thread 0x0000029f5ea91ac0 Thread added: 0x0000029f5ea948b0
Event: 8.213 Thread 0x0000029f5ea91ac0 Thread added: 0x0000029f5ea94f40
Event: 8.214 Thread 0x0000029f5ea91ac0 Thread added: 0x0000029f5ea955d0
Event: 8.214 Thread 0x0000029f5ea91ac0 Thread added: 0x0000029f5ea927e0
Event: 8.214 Thread 0x0000029f5ea91ac0 Thread added: 0x0000029f5ea92150
Event: 8.214 Thread 0x0000029f5ea91ac0 Thread added: 0x0000029f5ea95c60
Event: 8.214 Thread 0x0000029f5ea91ac0 Thread added: 0x0000029f5ea962f0
Event: 8.214 Thread 0x0000029f5ea91ac0 Thread added: 0x0000029f5ea96980
Event: 8.214 Thread 0x0000029f5ea91ac0 Thread added: 0x0000029f5ea97010
Event: 8.214 Thread 0x0000029f5ea91ac0 Thread added: 0x0000029f5ea93b90
Event: 8.247 Thread 0x0000029f5ea90080 Thread added: 0x0000029f5ea976a0
Event: 8.772 Thread 0x0000029f625b1ac0 Thread exited: 0x0000029f625b1ac0
Event: 8.772 Thread 0x0000029f625ad3e0 Thread exited: 0x0000029f625ad3e0
Event: 10.786 Thread 0x0000029f565023e0 Thread exited: 0x0000029f565023e0
Event: 10.786 Thread 0x0000029f56501d40 Thread exited: 0x0000029f56501d40
Event: 11.783 Thread 0x0000029f5773e640 Thread exited: 0x0000029f5773e640
Event: 11.783 Thread 0x0000029f575d34f0 Thread exited: 0x0000029f575d34f0


Dynamic libraries:
0x00007ff6a8450000 - 0x00007ff6a845a000 	C:\Program Files\Android\Android Studio\jbr\bin\java.exe
0x00007ffc4a7c0000 - 0x00007ffc4aa26000 	C:\WINDOWS\SYSTEM32\ntdll.dll
0x00007ffc49820000 - 0x00007ffc498e9000 	C:\WINDOWS\System32\KERNEL32.DLL
0x00007ffc48110000 - 0x00007ffc484dc000 	C:\WINDOWS\System32\KERNELBASE.dll
0x00007ffc47cf0000 - 0x00007ffc47e3b000 	C:\WINDOWS\System32\ucrtbase.dll
0x00007ffc001e0000 - 0x00007ffc001f8000 	C:\Program Files\Android\Android Studio\jbr\bin\jli.dll
0x00007ffc0ecb0000 - 0x00007ffc0eccb000 	C:\Program Files\Android\Android Studio\jbr\bin\VCRUNTIME140.dll
0x00007ffc4a1f0000 - 0x00007ffc4a3ba000 	C:\WINDOWS\System32\USER32.dll
0x00007ffc47a00000 - 0x00007ffc47a27000 	C:\WINDOWS\System32\win32u.dll
0x00007ffc2a8b0000 - 0x00007ffc2ab4a000 	C:\WINDOWS\WinSxS\amd64_microsoft.windows.common-controls_6595b64144ccf1df_6.0.26100.3912_none_3e07963ce335137e\COMCTL32.dll
0x00007ffc4a1c0000 - 0x00007ffc4a1eb000 	C:\WINDOWS\System32\GDI32.dll
0x00007ffc494e0000 - 0x00007ffc49589000 	C:\WINDOWS\System32\msvcrt.dll
0x00007ffc47bb0000 - 0x00007ffc47ce2000 	C:\WINDOWS\System32\gdi32full.dll
0x00007ffc47950000 - 0x00007ffc479f3000 	C:\WINDOWS\System32\msvcp_win.dll
0x00007ffc4a3c0000 - 0x00007ffc4a3f0000 	C:\WINDOWS\System32\IMM32.DLL
0x00007ffc3dda0000 - 0x00007ffc3ddac000 	C:\Program Files\Android\Android Studio\jbr\bin\vcruntime140_1.dll
0x00007ffb81700000 - 0x00007ffb8178d000 	C:\Program Files\Android\Android Studio\jbr\bin\msvcp140.dll
0x00007ffb85b80000 - 0x00007ffb8680b000 	C:\Program Files\Android\Android Studio\jbr\bin\server\jvm.dll
0x00007ffc4a5a0000 - 0x00007ffc4a652000 	C:\WINDOWS\System32\ADVAPI32.dll
0x00007ffc499e0000 - 0x00007ffc49a86000 	C:\WINDOWS\System32\sechost.dll
0x00007ffc49680000 - 0x00007ffc49796000 	C:\WINDOWS\System32\RPCRT4.dll
0x00007ffc497a0000 - 0x00007ffc49814000 	C:\WINDOWS\System32\WS2_32.dll
0x00007ffc46580000 - 0x00007ffc465de000 	C:\WINDOWS\SYSTEM32\POWRPROF.dll
0x00007ffc3ceb0000 - 0x00007ffc3cebb000 	C:\WINDOWS\SYSTEM32\VERSION.dll
0x00007ffc3a400000 - 0x00007ffc3a436000 	C:\WINDOWS\SYSTEM32\WINMM.dll
0x00007ffc46560000 - 0x00007ffc46574000 	C:\WINDOWS\SYSTEM32\UMPDC.dll
0x00007ffc46830000 - 0x00007ffc4684a000 	C:\WINDOWS\SYSTEM32\kernel.appcore.dll
0x00007ffc3cdc0000 - 0x00007ffc3cdca000 	C:\Program Files\Android\Android Studio\jbr\bin\jimage.dll
0x00007ffc450b0000 - 0x00007ffc452f1000 	C:\WINDOWS\SYSTEM32\DBGHELP.DLL
0x00007ffc48a20000 - 0x00007ffc48da4000 	C:\WINDOWS\System32\combase.dll
0x00007ffc49590000 - 0x00007ffc49670000 	C:\WINDOWS\System32\OLEAUT32.dll
0x00007ffc1ee10000 - 0x00007ffc1ee49000 	C:\WINDOWS\SYSTEM32\dbgcore.DLL
0x00007ffc484e0000 - 0x00007ffc48579000 	C:\WINDOWS\System32\bcryptPrimitives.dll
0x00007ffc035f0000 - 0x00007ffc035fe000 	C:\Program Files\Android\Android Studio\jbr\bin\instrument.dll
0x00007ffc090c0000 - 0x00007ffc090e0000 	C:\Program Files\Android\Android Studio\jbr\bin\java.dll
0x00007ffc039e0000 - 0x00007ffc039f8000 	C:\Program Files\Android\Android Studio\jbr\bin\zip.dll
0x00007ffc48db0000 - 0x00007ffc494dd000 	C:\WINDOWS\System32\SHELL32.dll
0x00007ffc47ed0000 - 0x00007ffc48044000 	C:\WINDOWS\System32\wintypes.dll
0x00007ffc455c0000 - 0x00007ffc45e16000 	C:\WINDOWS\SYSTEM32\windows.storage.dll
0x00007ffc4a680000 - 0x00007ffc4a76f000 	C:\WINDOWS\System32\SHCORE.dll
0x00007ffc48840000 - 0x00007ffc488a9000 	C:\WINDOWS\System32\shlwapi.dll
0x00007ffc47860000 - 0x00007ffc4788f000 	C:\WINDOWS\SYSTEM32\profapi.dll
0x00007ffc33e10000 - 0x00007ffc33e20000 	C:\Program Files\Android\Android Studio\jbr\bin\net.dll
0x00007ffc3e660000 - 0x00007ffc3e77e000 	C:\WINDOWS\SYSTEM32\WINHTTP.dll
0x00007ffc46da0000 - 0x00007ffc46e0a000 	C:\WINDOWS\system32\mswsock.dll
0x00007ffbe37f0000 - 0x00007ffbe3806000 	C:\Program Files\Android\Android Studio\jbr\bin\nio.dll
0x00007ffbd77d0000 - 0x00007ffbd77e0000 	C:\Program Files\Android\Android Studio\jbr\bin\verify.dll
0x00007ffbf7fb0000 - 0x00007ffbf7fd7000 	C:\Users\velal\.gradle\native\68d5fa5c4cc2d200863cafc0d521ce42e7d3e7ee720ec0a83991735586a16f82\windows-amd64\native-platform.dll
0x00007ffb80d80000 - 0x00007ffb80ec4000 	C:\Users\velal\.gradle\native\e376f236ea51e6404a007f0833ffe2c6e607c4080706a723a18a27aeea778392\windows-amd64\native-platform-file-events.dll
0x00007ffc1eb80000 - 0x00007ffc1eb89000 	C:\Program Files\Android\Android Studio\jbr\bin\management.dll
0x00007ffbfc630000 - 0x00007ffbfc63b000 	C:\Program Files\Android\Android Studio\jbr\bin\management_ext.dll
0x00007ffc48830000 - 0x00007ffc48838000 	C:\WINDOWS\System32\PSAPI.DLL
0x00007ffc47040000 - 0x00007ffc4705c000 	C:\WINDOWS\SYSTEM32\CRYPTSP.dll
0x00007ffc46790000 - 0x00007ffc467ca000 	C:\WINDOWS\system32\rsaenh.dll
0x00007ffc46e40000 - 0x00007ffc46e6b000 	C:\WINDOWS\SYSTEM32\USERENV.dll
0x00007ffc47830000 - 0x00007ffc47856000 	C:\WINDOWS\SYSTEM32\bcrypt.dll
0x00007ffc47060000 - 0x00007ffc4706c000 	C:\WINDOWS\SYSTEM32\CRYPTBASE.dll
0x00007ffc46270000 - 0x00007ffc462a3000 	C:\WINDOWS\SYSTEM32\IPHLPAPI.DLL
0x00007ffc49b10000 - 0x00007ffc49b1a000 	C:\WINDOWS\System32\NSI.dll
0x00007ffc31610000 - 0x00007ffc31619000 	C:\Program Files\Android\Android Studio\jbr\bin\extnet.dll
0x00007ffc200e0000 - 0x00007ffc200e8000 	C:\WINDOWS\system32\wshunix.dll

dbghelp: loaded successfully - version: 4.0.5 - missing functions: none
symbol engine: initialized successfully - sym options: 0x614 - pdb path: .;C:\Program Files\Android\Android Studio\jbr\bin;C:\WINDOWS\SYSTEM32;C:\WINDOWS\WinSxS\amd64_microsoft.windows.common-controls_6595b64144ccf1df_6.0.26100.3912_none_3e07963ce335137e;C:\Program Files\Android\Android Studio\jbr\bin\server;C:\Users\velal\.gradle\native\68d5fa5c4cc2d200863cafc0d521ce42e7d3e7ee720ec0a83991735586a16f82\windows-amd64;C:\Users\velal\.gradle\native\e376f236ea51e6404a007f0833ffe2c6e607c4080706a723a18a27aeea778392\windows-amd64

VM Arguments:
jvm_args: -XX:MaxMetaspaceSize=2G -XX:+HeapDumpOnOutOfMemoryError --add-opens=java.base/java.util=ALL-UNNAMED --add-opens=java.base/java.lang=ALL-UNNAMED --add-opens=java.base/java.lang.invoke=ALL-UNNAMED --add-opens=java.prefs/java.util.prefs=ALL-UNNAMED --add-opens=java.base/java.nio.charset=ALL-UNNAMED --add-opens=java.base/java.net=ALL-UNNAMED --add-opens=java.base/java.util.concurrent.atomic=ALL-UNNAMED -Xmx4G -Dfile.encoding=UTF-8 -Duser.country=US -Duser.language=en -Duser.variant -javaagent:C:\Users\velal\.gradle\wrapper\dists\gradle-8.3-all\6en3ugtfdg5xnpx44z4qbwgas\gradle-8.3\lib\agents\gradle-instrumentation-agent-8.3.jar 
java_command: org.gradle.launcher.daemon.bootstrap.GradleDaemon 8.3
java_class_path (initial): C:\Users\velal\.gradle\wrapper\dists\gradle-8.3-all\6en3ugtfdg5xnpx44z4qbwgas\gradle-8.3\lib\gradle-launcher-8.3.jar
Launcher Type: SUN_STANDARD

[Global flags]
     intx CICompilerCount                          = 12                                        {product} {ergonomic}
     uint ConcGCThreads                            = 3                                         {product} {ergonomic}
     uint G1ConcRefinementThreads                  = 13                                        {product} {ergonomic}
   size_t G1HeapRegionSize                         = 2097152                                   {product} {ergonomic}
    uintx GCDrainStackTargetSize                   = 64                                        {product} {ergonomic}
     bool HeapDumpOnOutOfMemoryError               = true                                   {manageable} {command line}
   size_t InitialHeapSize                          = 264241152                                 {product} {ergonomic}
   size_t MarkStackSize                            = 4194304                                   {product} {ergonomic}
   size_t MaxHeapSize                              = 4294967296                                {product} {command line}
   size_t MaxMetaspaceSize                         = 2147483648                                {product} {command line}
   size_t MaxNewSize                               = 2575302656                                {product} {ergonomic}
   size_t MinHeapDeltaBytes                        = 2097152                                   {product} {ergonomic}
   size_t MinHeapSize                              = 8388608                                   {product} {ergonomic}
    uintx NonNMethodCodeHeapSize                   = 7602480                                {pd product} {ergonomic}
    uintx NonProfiledCodeHeapSize                  = 122027880                              {pd product} {ergonomic}
    uintx ProfiledCodeHeapSize                     = 122027880                              {pd product} {ergonomic}
    uintx ReservedCodeCacheSize                    = 251658240                              {pd product} {ergonomic}
     bool SegmentedCodeCache                       = true                                      {product} {ergonomic}
   size_t SoftMaxHeapSize                          = 4294967296                             {manageable} {ergonomic}
     bool UseCompressedOops                        = true                           {product lp64_product} {ergonomic}
     bool UseG1GC                                  = true                                      {product} {ergonomic}
     bool UseLargePagesIndividualAllocation        = false                                  {pd product} {ergonomic}

Logging:
Log output configuration:
 #0: stdout all=warning uptime,level,tags foldmultilines=false
 #1: stderr all=off uptime,level,tags foldmultilines=false

Environment Variables:
JAVA_HOME=C:\Program Files\Android\Android Studio\jbr
CLASSPATH=C:\Users\velal\Documents\App\app\android\\gradle\wrapper\gradle-wrapper.jar
PATH=C:\Program Files\Android\Android Studio\jbr\bin;C:\Python312\Scripts\;C:\Python312\;C:\Program Files\Eclipse Adoptium\jdk-21.0.6.7-hotspot\bin;C:\Program Files\Common Files\Oracle\Java\javapath;C:\Windows\system32;C:\Windows;C:\Windows\System32\Wbem;C:\Windows\System32\WindowsPowerShell\v1.0\;C:\Windows\System32\OpenSSH\;C:\Program Files (x86)\NVIDIA Corporation\PhysX\Common;C:\Program Files\NVIDIA Corporation\NVIDIA NvDLISR;C:\WINDOWS\system32;C:\WINDOWS;C:\WINDOWS\System32\Wbem;C:\WINDOWS\System32\WindowsPowerShell\v1.0\;C:\WINDOWS\System32\OpenSSH\;C:\Program Files (x86)\Microsoft SQL Server\160\Tools\Binn\;C:\Program Files\Microsoft SQL Server\160\Tools\Binn\;C:\Program Files\Microsoft SQL Server\Client SDK\ODBC\170\Tools\Binn\;C:\Program Files\Microsoft SQL Server\160\DTS\Binn\;C:\Program Files (x86)\Microsoft SQL Server\160\DTS\Binn\;C:\Program Files\dotnet\;C:\ProgramData\chocolatey\bin;C:\Program Files\Eclipse Adoptium\jdk-21.0.6.7-hotspot\\bin;C:\Program Files\MongoDB\mongosh-2.3.9\bin;C:\Program Files\MongoDB\mongodb-database-tools-windows-x86_64-100.10.0\bin;C:\Program Files\SourceGear\Common\DiffMerge\;C:\Program Files\Git\cmd;C:\Program Files\nodejs\;C:\Program Files\MongoDB\Server\8.0\bin;C:\Program Files\PuTTY\;C:\Users\velal\AppData\Local\Microsoft\WindowsApps;C:\Users\velal\.dotnet\tools;C:\Users\velal\AppData\Roaming\npm;C:\Users\velal\AppData\Local\Programs\Microsoft VS Code\bin;C:\flutter\bin\mingit\cmd;C:\flutter\bin\mingit\cmd
USERNAME=velal
OS=Windows_NT
PROCESSOR_IDENTIFIER=Intel64 Family 6 Model 154 Stepping 3, GenuineIntel
TMP=C:\Users\velal\AppData\Local\Temp
TEMP=C:\Users\velal\AppData\Local\Temp




Periodic native trim disabled

JNI global refs:
JNI global refs: 33, weak refs: 0

JNI global refs memory usage: 835, weak refs: 201

Process memory usage:
Resident Set Size: 283280K (1% of 16471200K total physical memory with 1301240K free physical memory)

OOME stack traces (most recent first):
Classloader memory used:
Loader org.gradle.internal.classloader.VisitableURLClassLoader                         : 35829K
Loader bootstrap                                                                       : 24433K
Loader org.gradle.initialization.MixInLegacyTypesClassLoader                           : 10592K
Loader jdk.internal.loader.ClassLoaders$PlatformClassLoader                            : 511K
Loader jdk.internal.loader.ClassLoaders$AppClassLoader                                 : 227K
Loader org.gradle.internal.classloader.VisitableURLClassLoader$InstrumentingVisitableURLClassLoader: 46392B
Loader org.gradle.groovy.scripts.internal.DefaultScriptCompilationHandler$ScriptClassLoader: 41864B
Loader org.codehaus.groovy.runtime.callsite.CallSiteClassLoader                        : 17128B
Loader sun.reflect.misc.MethodUtil                                                     : 2968B

Classes loaded by more than one classloader:
Class Program                                                                         : loaded 3 times (x 68B)
Class org.gradle.internal.classloader.ClassLoaderHierarchy                            : loaded 2 times (x 66B)
Class org.gradle.api.internal.classpath.ManifestUtil                                  : loaded 2 times (x 67B)
Class org.gradle.internal.classloader.DefaultClassLoaderFactory                       : loaded 2 times (x 78B)
Class org.gradle.internal.classloader.ClassLoaderVisitor                              : loaded 2 times (x 72B)
Class org.gradle.api.internal.classpath.EffectiveClassPath                            : loaded 2 times (x 86B)
Class org.gradle.api.internal.DefaultClassPathProvider                                : loaded 2 times (x 72B)
Class [Lorg.gradle.api.internal.ClassPathProvider;                                    : loaded 2 times (x 65B)
Class org.gradle.api.internal.ClassPathProvider                                       : loaded 2 times (x 66B)
Class org.gradle.internal.service.UnknownServiceException                             : loaded 2 times (x 79B)
Class org.gradle.internal.classpath.TransformedClassPath                              : loaded 2 times (x 92B)
Class org.gradle.internal.service.ServiceLocator                                      : loaded 2 times (x 66B)
Class org.gradle.internal.InternalTransformer                                         : loaded 2 times (x 66B)
Class org.gradle.internal.classloader.ClasspathUtil$1                                 : loaded 2 times (x 72B)
Class org.gradle.api.internal.classpath.DefaultModuleRegistry$DefaultModule           : loaded 2 times (x 82B)
Class org.gradle.api.internal.classpath.Module                                        : loaded 2 times (x 66B)
Class org.gradle.api.internal.classpath.UnknownModuleException                        : loaded 2 times (x 78B)
Class org.gradle.cache.GlobalCache                                                    : loaded 2 times (x 66B)
Class org.gradle.api.internal.DefaultClassPathRegistry                                : loaded 2 times (x 72B)
Class org.gradle.api.internal.ClassPathRegistry                                       : loaded 2 times (x 66B)
Class org.gradle.internal.classpath.DefaultClassPath$ImmutableUniqueList              : loaded 2 times (x 195B)
Class org.gradle.internal.classloader.FilteringClassLoader                            : loaded 2 times (x 101B)
Class org.gradle.internal.classpath.ClassPath                                         : loaded 2 times (x 66B)
Class org.gradle.api.UncheckedIOException                                             : loaded 2 times (x 78B)
Class org.gradle.internal.installation.GradleInstallation$1                           : loaded 2 times (x 71B)
Class org.gradle.api.internal.classpath.ModuleRegistry                                : loaded 2 times (x 66B)
Class org.gradle.api.internal.classpath.DefaultModuleRegistry                         : loaded 2 times (x 82B)
Class org.gradle.internal.service.ServiceLookupException                              : loaded 2 times (x 78B)
Class org.gradle.internal.classloader.ClassLoaderFactory                              : loaded 2 times (x 66B)
Class org.gradle.internal.service.CachingServiceLocator                               : loaded 2 times (x 78B)
Class org.gradle.internal.classloader.ClasspathUtil                                   : loaded 2 times (x 67B)
Class org.gradle.api.specs.Spec                                                       : loaded 2 times (x 66B)
Class Build_gradle$1                                                                  : loaded 2 times (x 70B)
Class org.gradle.internal.classloader.VisitableURLClassLoader$InstrumentingVisitableURLClassLoader: loaded 2 times (x 119B)
Class org.gradle.internal.classloader.VisitableURLClassLoader$Spec                    : loaded 2 times (x 70B)
Class org.gradle.internal.classpath.DefaultClassPath                                  : loaded 2 times (x 86B)
Class org.gradle.internal.classloader.ClassLoaderSpec                                 : loaded 2 times (x 67B)
Class org.gradle.internal.classloader.VisitableURLClassLoader                         : loaded 2 times (x 113B)
Class org.gradle.internal.Cast                                                        : loaded 2 times (x 67B)
Class org.gradle.api.Action                                                           : loaded 2 times (x 66B)
Class org.gradle.internal.agents.InstrumentingClassLoader                             : loaded 2 times (x 66B)
Class org.gradle.internal.classpath.DefaultClassPath$ImmutableUniqueList$Builder      : loaded 2 times (x 71B)
Class org.gradle.api.GradleException                                                  : loaded 2 times (x 78B)
Class org.gradle.internal.IoActions                                                   : loaded 2 times (x 67B)
Class org.gradle.internal.classloader.SystemClassLoaderSpec                           : loaded 2 times (x 67B)
Class Build_gradle                                                                    : loaded 2 times (x 126B)
Class org.gradle.internal.installation.CurrentGradleInstallationLocator               : loaded 2 times (x 67B)
Class org.gradle.internal.service.DefaultServiceLocator                               : loaded 2 times (x 79B)
Class org.gradle.internal.installation.CurrentGradleInstallation                      : loaded 2 times (x 69B)
Class org.gradle.util.internal.GUtil                                                  : loaded 2 times (x 67B)
Class org.gradle.internal.installation.GradleInstallation                             : loaded 2 times (x 71B)

---------------  S Y S T E M  ---------------

OS:
 Windows 11 , 64 bit Build 26100 (10.0.26100.3912)
OS uptime: 0 days 0:27 hours
Hyper-V role detected

CPU: total 16 (initial active 16) (8 cores per cpu, 2 threads per core) family 6 model 154 stepping 3 microcode 0x424, cx8, cmov, fxsr, ht, mmx, 3dnowpref, sse, sse2, sse3, ssse3, sse4.1, sse4.2, popcnt, lzcnt, tsc, tscinvbit, avx, avx2, aes, erms, clmul, bmi1, bmi2, adx, sha, fma, vzeroupper, clflush, clflushopt, clwb, hv, serialize, rdtscp, rdpid, fsrm, f16c, cet_ibt, cet_ss
Processor Information for the first 16 processors :
  Max Mhz: 2300, Current Mhz: 2300, Mhz Limit: 2300

Memory: 4k page, system-wide physical 16085M (1272M free)
TotalPageFile size 22766M (AvailPageFile size 498M)
current process WorkingSet (physical memory assigned to process): 276M, peak: 325M
current process commit charge ("private bytes"): 326M, peak: 392M

vm_info: OpenJDK 64-Bit Server VM (21.0.6+-13368085-b895.109) for windows-amd64 JRE (21.0.6+-13368085-b895.109), built on 2025-04-16T17:01:31Z by "builder" with MS VC++ 16.10 / 16.11 (VS2019)

END.
